
07/17/2008 14:03:02	TextMate[GetBundles]
Get Bundles DIALOG runs at token 27

07/17/2008 14:03:13	TextMate[GetBundles]
Execute:
export LC_CTYPE=en_US.UTF-8;cd '/Applications/TextMate.app/Contents/SharedSupport/Support';'/Users/Bibiko/Library/Application Support/TextMate/Pristine Copy/Bundles/GetBundles.tmbundle/Support/bin/svn' co --no-auth-cache --non-interactive 'http://macromates.com/svn/Bundles/trunk/Support/lib/' 2>&1

07/17/2008 14:03:13	TextMate[GetBundles]
Renaming of “/Applications/TextMate.app/Contents/SharedSupport/Support/lib” into “/Applications/TextMate.app/Contents/SharedSupport/Support/lib07172008140313”

07/17/2008 14:03:21	TextMate[GetBundles]
A    lib/ui.rb
A    lib/current_word.rb
A    lib/shelltokenize.rb
A    lib/erb_streaming.rb
A    lib/browser.rb
A    lib/dialog.py
A    lib/rubypants.rb
A    lib/textmate.rb
A    lib/tm_interactive_input.dylib
A    lib/markdown_to_help.rb
A    lib/escape.rb
A    lib/password.rb
A    lib/webpreview.py
A    lib/progress.rb
A    lib/plistlib.py
A    lib/bash_init.sh
A    lib/html.sh
A    lib/web_preview.rb
A    lib/tm
A    lib/tm/executor.rb
A    lib/tm/process.rb
A    lib/tm/save_current_document.rb
A    lib/tm/markdown.rb
A    lib/tm/htmloutput.rb
A    lib/tm/tempfile.rb
A    lib/tm/detach.rb
A    lib/bluecloth.rb
A    lib/Builder.rb
A    lib/exit_codes.rb
A    lib/webpreview.sh
A    lib/tm_helpers.py
A    lib/tm_parser.rb
A    lib/selected_files_tests.rb
A    lib/LaTeXUtils.rb
A    lib/redcloth.rb
A    lib/codecompletion.rb
A    lib/io.rb
A    lib/osx
A    lib/osx/keychain.bundle
A    lib/osx/plist.bundle
A    lib/README.txt
A    lib/scriptmate.rb
Checked out revision 10267.
